<?xml version="1.0" encoding="UTF-8"?>
<testng-results skipped="0" failed="0" ignored="0" total="1" passed="1">
  <reporter-output>
  </reporter-output>
  <suite name="Default suite" duration-ms="10685" started-at="2020-11-24T21:23:39Z" finished-at="2020-11-24T21:23:50Z">
    <groups>
    </groups>
    <test name="Default test" duration-ms="10685" started-at="2020-11-24T21:23:39Z" finished-at="2020-11-24T21:23:50Z">
      <class name="seleniumlabs.pom.driver.AdventureTours">
        <test-method status="PASS" signature="bookFlight()[pri:0, instance:seleniumlabs.pom.driver.AdventureTours@c038203]" name="bookFlight" duration-ms="10648" started-at="2020-11-24T21:23:39Z" finished-at="2020-11-24T21:23:50Z">
          <reporter-output>
          </reporter-output>
        </test-method> <!-- bookFlight -->
      </class> <!-- seleniumlabs.pom.driver.AdventureTours -->
    </test> <!-- Default test -->
  </suite> <!-- Default suite -->
</testng-results>
